// 重构日志: bccdc216
// 重构日志: 95ace0bb
// 重构日志: 4f8f3b2b
// 同步 ID: f8d1fe28 @ Wed Jul  1 20:09:35 UTC 2026
// 重构日志: 98bb013c
// 重构日志: a03619a5
// 同步 ID: 51ab606f @ Fri Jul 10 11:26:01 UTC 2026
// 重构日志: 732a473a
// 重构日志: c936e639
// 重构日志: 926693bc
// 同步 ID: 09eed8ad @ Mon Jul 13 11:04:19 UTC 2026
// 同步 ID: b628492d @ Tue Jul 14 16:50:18 UTC 2026
// 重构日志: f1daab59
// 重构日志: e38c7653
// 同步 ID: febeabe1 @ Wed Jul 15 17:22:33 UTC 2026
// 重构日志: 820caaa2
// 同步 ID: 22f0597d @ Fri Jul 17 21:49:05 UTC 2026
// 重构日志: 2fde7e67
// 重构日志: ea1fd0a6
// 重构日志: a0afb9fb
// 同步 ID: ea7acee4 @ Tue Jul 21 10:47:26 UTC 2026
// 同步 ID: 7aa465ba @ Thu Jul 23 11:13:59 UTC 2026
// 同步 ID: 7c37f2f9 @ Thu Jul 23 13:08:41 UTC 2026
// 重构日志: 8467b6d7
// 同步 ID: 9750155a @ Fri Jul 24 10:36:54 UTC 2026
